Build started 05/07/2017 11:05:40 PM.
     1>Project "C:\Users\Ahmed_Fahmy\Documents\Visual Studio 2013\Projects\Server_Slider2\Server_Slider2\Server_Slider2.vcxproj" on node 2 (Build target(s)).
     1>ClCompile:
         E:\Program Files (x86)\Microsoft Visual Studio 12.0\VC\bin\CL.exe /c /ZI /nologo /W3 /WX- /sdl /Od /Oy- /D _MBCS /Gm /EHsc /RTC1 /MDd /GS /fp:precise /Zc:wchar_t /Zc:forScope /Fo"Debug\\" /Fd"Debug\vc120.pdb" /Gd /TP /analyze- /errorReport:prompt ..\TimerTest.cpp
         TimerTest.cpp
     1>c:\users\ahmed_fahmy\documents\visual studio 2013\projects\server_slider2\timertest.cpp(45): warning C4101: 'decimal' : unreferenced local variable
     1>c:\users\ahmed_fahmy\documents\visual studio 2013\projects\server_slider2\timertest.cpp(45): warning C4101: 'x' : unreferenced local variable
     1>c:\users\ahmed_fahmy\documents\visual studio 2013\projects\server_slider2\timertest.cpp(48): warning C4101: 'arr' : unreferenced local variable
     1>c:\users\ahmed_fahmy\documents\visual studio 2013\projects\server_slider2\timertest.cpp(46): warning C4101: 'total' : unreferenced local variable
     1>c:\users\ahmed_fahmy\documents\visual studio 2013\projects\server_slider2\timertest.cpp(45): warning C4101: 'j' : unreferenced local variable
     1>c:\users\ahmed_fahmy\documents\visual studio 2013\projects\server_slider2\timertest.cpp(450): warning C4551: function call missing argument list
     1>c:\users\ahmed_fahmy\documents\visual studio 2013\projects\server_slider2\timertest.cpp(345): warning C4101: 'temp' : unreferenced local variable
       Link:
         E:\Program Files (x86)\Microsoft Visual Studio 12.0\VC\bin\link.exe /ERRORREPORT:PROMPT /OUT:"C:\Users\Ahmed_Fahmy\Documents\Visual Studio 2013\Projects\Server_Slider2\Debug\Server_Slider2.exe" /INCREMENTAL /NOLOGO kernel32.lib user32.lib gdi32.lib winspool.lib comdlg32.lib advapi32.lib shell32.lib ole32.lib oleaut32.lib uuid.lib odbc32.lib odbccp32.lib /MANIFEST /MANIFESTUAC:"level='asInvoker' uiAccess='false'" /manifest:embed /DEBUG /PDB:"C:\Users\Ahmed_Fahmy\Documents\Visual Studio 2013\Projects\Server_Slider2\Debug\Server_Slider2.pdb" /TLBID:1 /DYNAMICBASE /NXCOMPAT /IMPLIB:"C:\Users\Ahmed_Fahmy\Documents\Visual Studio 2013\Projects\Server_Slider2\Debug\Server_Slider2.lib" /MACHINE:X86 Debug\Main.obj
         Debug\SerialPort.obj
         Debug\stdafx.obj
         Debug\TimerTest.obj
         Server_Slider2.vcxproj -> C:\Users\Ahmed_Fahmy\Documents\Visual Studio 2013\Projects\Server_Slider2\Debug\Server_Slider2.exe
     1>Done Building Project "C:\Users\Ahmed_Fahmy\Documents\Visual Studio 2013\Projects\Server_Slider2\Server_Slider2\Server_Slider2.vcxproj" (Build target(s)).

Build succeeded.

Time Elapsed 00:00:01.97
